HTTPError for 'P.O. BOX 74 BADILI PORT MORESBY': 403 Forbidden. Backing off 1.0s
HTTPError for 'P.O. BOX 74 BADILI PORT MORESBY': 403 Forbidden. Backing off 2.0s
HTTPError for 'P.O. BOX 74 BADILI PORT MORESBY': 403 Forbidden. Backing off 4.0s
NOT FOUND: P.O. BOX 74 BADILI PORT MORESBY
HTTPError for '14 LAFITLE ROAD WINGFIELD': 403 Forbidden. Backing off 1.0s
HTTPError for '14 LAFITLE ROAD WINGFIELD': 403 Forbidden. Backing off 2.0s
HTTPError for '14 LAFITLE ROAD WINGFIELD': 403 Forbidden. Backing off 4.0s
NOT FOUND: 14 LAFITLE ROAD WINGFIELD
HTTPError for 'KOAST HOUSE 28 HINES RD O'CONNOR': 403 Forbidden. Backing off 1.0s
HTTPError for 'KOAST HOUSE 28 HINES RD O'CONNOR': 403 Forbidden. Backing off 2.0s
HTTPError for 'KOAST HOUSE 28 HINES RD O'CONNOR': 403 Forbidden. Backing off 4.0s
NOT FOUND: KOAST HOUSE 28 HINES RD O'CONNOR
HTTPError for 'P.O. BOX 312 9-19 LIONEL RD MOUNT WAVERLEY VIC': 403 Forbidden. Backing off 1.0s
HTTPError for 'P.O. BOX 312 9-19 LIONEL RD MOUNT WAVERLEY VIC': 403 Forbidden. Backing off 2.0s
HTTPError for 'P.O. BOX 312 9-19 LIONEL RD MOUNT WAVERLEY VIC': 403 Forbidden. Backing off 4.0s
NOT FOUND: P.O. BOX 312 9-19 LIONEL RD MOUNT WAVERLEY VIC
HTTPError for '10 FRIESIAN CLOSE SANDGATE': 403 Forbidden. Backing off 1.0s
HTTPError for '10 FRIESIAN CLOSE SANDGATE': 403 Forbidden. Backing off 2.0s
HTTPError for '10 FRIESIAN CLOSE SANDGATE': 403 Forbidden. Backing off 4.0s
NOT FOUND: 10 FRIESIAN CLOSE SANDGATE
HTTPError for '415 EAST TAMAKI ROAD EAST TAM AUCKLAND': 403 Forbidden. Backing off 1.0s
HTTPError for '415 EAST TAMAKI ROAD EAST TAM AUCKLAND': 403 Forbidden. Backing off 2.0s
HTTPError for '415 EAST TAMAKI ROAD EAST TAM AUCKLAND': 403 Forbidden. Backing off 4.0s
NOT FOUND: 415 EAST TAMAKI ROAD EAST TAM AUCKLAND
HTTPError for 'P.O. BOX 6764. BLACKTOWN ARNDELL PARK': 403 Forbidden. Backing off 1.0s
HTTPError for 'P.O. BOX 6764. BLACKTOWN ARNDELL PARK': 403 Forbidden. Backing off 2.0s
HTTPError for 'P.O. BOX 6764. BLACKTOWN ARNDELL PARK': 403 Forbidden. Backing off 4.0s
NOT FOUND: P.O. BOX 6764. BLACKTOWN ARNDELL PARK
HTTPError for '62 COLUMBIA AVE HORNBY SOUTH CHRISTCHURCH': 403 Forbidden. Backing off 1.0s
HTTPError for '62 COLUMBIA AVE HORNBY SOUTH CHRISTCHURCH': 403 Forbidden. Backing off 2.0s
HTTPError for '62 COLUMBIA AVE HORNBY SOUTH CHRISTCHURCH': 403 Forbidden. Backing off 4.0s
NOT FOUND: 62 COLUMBIA AVE HORNBY SOUTH CHRISTCHURCH
HTTPError for 'CR 72 A 52 A 37 BOGOTA': 403 Forbidden. Backing off 1.0s
HTTPError for 'CR 72 A 52 A 37 BOGOTA': 403 Forbidden. Backing off 2.0s
HTTPError for 'CR 72 A 52 A 37 BOGOTA': 403 Forbidden. Backing off 4.0s
NOT FOUND: CR 72 A 52 A 37 BOGOTA
HTTPError for 'BLD A LEVEL 3 11 TALAVERA ROA MACQUARIE PARK': 403 Forbidden. Backing off 1.0s
HTTPError for 'BLD A LEVEL 3 11 TALAVERA ROA MACQUARIE PARK': 403 Forbidden. Backing off 2.0s
HTTPError for 'BLD A LEVEL 3 11 TALAVERA ROA MACQUARIE PARK': 403 Forbidden. Backing off 4.0s
NOT FOUND: BLD A LEVEL 3 11 TALAVERA ROA MACQUARIE PARK
HTTPError for '4-8 PARKER STREET FOOTSCRAY MELBOURNE': 403 Forbidden. Backing off 1.0s
HTTPError for '4-8 PARKER STREET FOOTSCRAY MELBOURNE': 403 Forbidden. Backing off 2.0s
HTTPError for '4-8 PARKER STREET FOOTSCRAY MELBOURNE': 403 Forbidden. Backing off 4.0s
NOT FOUND: 4-8 PARKER STREET FOOTSCRAY MELBOURNE
HTTPError for 'BLDG LV. 3 11 TALAVERA RD MACQUARIE PARK': 403 Forbidden. Backing off 1.0s
